2014/10/07 18:56:51 pserver: started...
2014/10/07 18:56:51 cserver: started...
2014/10/07 18:56:51 starting Point
2014/10/07 19:01:07 server: new client
2014/10/07 19:01:31 server: new client
2014/10/07 19:01:31 server: new client
2014/10/07 19:01:36 comm: websocket receive error: EOF

2014/10/07 19:01:37 server: new client
2014/10/07 19:01:37 server: new client
2014/10/07 19:01:37 msgCount/second 3
2014/10/07 19:01:38 msgCount/second 41
2014/10/07 19:02:19 pserver: started...
2014/10/07 19:02:19 cserver: started...
2014/10/07 19:02:19 starting Point
2014/10/07 19:02:31 server: new client
2014/10/07 19:02:31 server: new client
2014/10/07 19:02:35 server: new client
2014/10/07 19:02:35 server: new client
2014/10/07 19:02:37 msgCount/second 88
2014/10/07 19:02:38 msgCount/second 92
2014/10/07 19:02:40 msgCount/second 34
2014/10/07 19:02:41 msgCount/second 38
2014/10/07 19:02:46 comm: websocket receive error: EOF

2014/10/07 19:02:46 comm: websocket receive error: EOF

2014/10/07 19:02:46 server: new client
2014/10/07 19:02:46 server: new client
2014/10/07 19:02:48 server: new client
2014/10/07 19:02:48 server: new client
2014/10/07 19:04:46 comm: websocket receive error: EOF

2014/10/07 19:04:46 comm: websocket receive error: EOF

2014/10/07 19:04:46 server: new client
2014/10/07 19:04:46 server: new client
2014/10/07 19:05:27 msgCount/second 71
2014/10/07 19:05:34 msgCount/second 18
2014/10/07 19:05:35 msgCount/second 120
2014/10/07 19:05:36 msgCount/second 115
2014/10/07 19:05:37 msgCount/second 92
2014/10/07 19:05:39 server: new client
2014/10/07 19:05:40 server: new client
2014/10/07 19:05:41 msgCount/second 93
2014/10/07 19:05:42 msgCount/second 103
2014/10/07 19:05:43 msgCount/second 100
2014/10/07 19:05:44 msgCount/second 64
2014/10/07 19:05:45 msgCount/second 58
2014/10/07 19:05:46 msgCount/second 14
2014/10/07 19:06:43 comm: websocket receive error: EOF

2014/10/07 19:06:43 comm: websocket receive error: EOF

2014/10/07 19:06:44 server: new client
2014/10/07 19:06:44 server: new client
2014/10/07 19:07:02 comm: websocket receive error: EOF

2014/10/07 19:07:02 comm: websocket receive error: EOF

2014/10/07 19:07:15 server: new client
2014/10/07 19:07:15 server: new client
2014/10/07 19:07:43 comm: websocket receive error: EOF

2014/10/07 19:07:43 comm: websocket receive error: EOF

2014/10/07 19:07:43 server: new client
2014/10/07 19:07:43 server: new client
2014/10/07 19:15:37 comm: websocket receive error: EOF

2014/10/07 19:15:37 comm: websocket receive error: EOF

2014/10/07 19:28:10 comm: websocket receive error: EOF

2014/10/07 19:28:10 comm: websocket receive error: EOF

2014/10/07 19:28:11 server: new client
2014/10/07 19:28:11 server: new client
2014/10/07 19:30:52 comm: websocket receive error: EOF

2014/10/07 19:30:52 comm: websocket receive error: EOF

2014/10/07 19:36:37 server: new client
2014/10/07 19:36:37 server: new client
2014/10/07 19:36:40 comm: websocket receive error: EOF

2014/10/07 19:36:40 comm: websocket receive error: EOF

2014/10/07 19:40:54 comm: websocket receive error: EOF

2014/10/07 19:40:54 comm: websocket receive error: EOF

2014/10/07 19:41:11 server: new client
2014/10/07 19:41:11 server: new client
2014/10/07 19:41:19 comm: websocket receive error: EOF

2014/10/07 19:41:19 comm: websocket receive error: EOF

2014/10/07 19:56:25 comm: websocket receive error: EOF

2014/10/07 19:56:25 comm: websocket receive error: EOF

