2014/09/25 16:27:29 pserver: started...
2014/09/25 16:27:29 cserver: started...
2014/09/25 16:27:29 starting Point
2014/09/25 16:27:30 msgCount/second 0
2014/09/25 16:27:31 msgCount/second 0
2014/09/25 16:27:32 msgCount/second 0
2014/09/25 16:27:33 msgCount/second 0
2014/09/25 16:27:34 msgCount/second 0
2014/09/25 16:27:35 msgCount/second 0
2014/09/25 16:27:36 msgCount/second 0
2014/09/25 16:27:37 msgCount/second 0
2014/09/25 16:27:38 server: new client
2014/09/25 16:27:38 server: new client
2014/09/25 16:27:38 msgCount/second 0
2014/09/25 16:27:39 msgCount/second 0
2014/09/25 16:27:40 msgCount/second 0
2014/09/25 16:27:41 msgCount/second 0
2014/09/25 16:27:42 msgCount/second 0
2014/09/25 16:27:43 msgCount/second 0
2014/09/25 16:27:44 msgCount/second 0
2014/09/25 16:27:45 msgCount/second 0
2014/09/25 16:27:46 msgCount/second 0
2014/09/25 16:27:47 msgCount/second 0
2014/09/25 16:27:48 msgCount/second 0
2014/09/25 16:27:49 msgCount/second 0
2014/09/25 16:27:50 msgCount/second 0
2014/09/25 16:27:51 msgCount/second 0
2014/09/25 16:27:52 msgCount/second 0
2014/09/25 16:27:53 msgCount/second 0
2014/09/25 16:27:54 msgCount/second 0
2014/09/25 16:27:55 msgCount/second 0
2014/09/25 16:27:56 msgCount/second 0
2014/09/25 16:27:57 msgCount/second 0
2014/09/25 16:27:58 msgCount/second 0
2014/09/25 16:27:59 msgCount/second 0
2014/09/25 16:28:00 msgCount/second 0
2014/09/25 16:28:01 msgCount/second 0
2014/09/25 16:28:02 msgCount/second 0
2014/09/25 16:28:03 msgCount/second 0
2014/09/25 16:28:04 msgCount/second 0
2014/09/25 16:28:05 msgCount/second 0
2014/09/25 16:28:06 msgCount/second 0
2014/09/25 16:28:07 msgCount/second 0
2014/09/25 16:28:08 msgCount/second 0
2014/09/25 16:28:09 msgCount/second 0
2014/09/25 16:28:10 msgCount/second 0
2014/09/25 16:28:11 msgCount/second 0
2014/09/25 16:28:12 msgCount/second 0
2014/09/25 16:28:13 msgCount/second 0
2014/09/25 16:28:14 msgCount/second 0
2014/09/25 16:28:15 msgCount/second 0
2014/09/25 16:28:16 msgCount/second 0
2014/09/25 16:28:17 msgCount/second 0
2014/09/25 16:28:18 msgCount/second 0
2014/09/25 16:28:19 msgCount/second 0
2014/09/25 16:28:20 msgCount/second 0
2014/09/25 16:28:21 msgCount/second 0
2014/09/25 16:28:22 msgCount/second 0
2014/09/25 16:28:23 msgCount/second 0
2014/09/25 16:28:24 msgCount/second 0
2014/09/25 16:28:25 msgCount/second 0
2014/09/25 16:28:26 msgCount/second 0
2014/09/25 16:28:27 msgCount/second 0
2014/09/25 16:28:28 msgCount/second 0
2014/09/25 16:28:29 msgCount/second 0
2014/09/25 16:28:30 msgCount/second 0
2014/09/25 16:28:31 msgCount/second 0
2014/09/25 16:28:32 msgCount/second 0
2014/09/25 16:28:33 msgCount/second 0
2014/09/25 16:28:34 msgCount/second 0
2014/09/25 16:28:35 msgCount/second 0
2014/09/25 16:28:36 msgCount/second 0
2014/09/25 16:28:37 msgCount/second 0
2014/09/25 16:28:38 msgCount/second 0
2014/09/25 16:28:39 msgCount/second 0
2014/09/25 16:28:40 msgCount/second 0
2014/09/25 16:28:41 msgCount/second 0
2014/09/25 16:28:42 msgCount/second 0
2014/09/25 16:28:43 msgCount/second 0
2014/09/25 16:28:44 msgCount/second 0
2014/09/25 16:28:45 msgCount/second 0
2014/09/25 16:28:46 msgCount/second 0
2014/09/25 16:28:47 comm: websocket receive error: EOF

2014/09/25 16:28:47 comm: websocket receive error: EOF

2014/09/25 16:28:47 msgCount/second 0
2014/09/25 16:28:48 msgCount/second 0
2014/09/25 16:28:49 msgCount/second 0
2014/09/25 16:28:50 msgCount/second 0
2014/09/25 16:28:51 msgCount/second 0
2014/09/25 16:28:52 msgCount/second 0
2014/09/25 16:28:53 msgCount/second 0
2014/09/25 16:28:54 msgCount/second 0
2014/09/25 16:28:55 msgCount/second 0
2014/09/25 16:28:56 msgCount/second 0
2014/09/25 16:28:57 msgCount/second 0
2014/09/25 16:28:58 msgCount/second 0
2014/09/25 16:28:59 msgCount/second 0
2014/09/25 16:29:00 msgCount/second 0
2014/09/25 16:29:01 msgCount/second 0
2014/09/25 16:29:02 msgCount/second 0
2014/09/25 16:29:03 msgCount/second 0
2014/09/25 16:29:04 msgCount/second 0
2014/09/25 16:29:05 msgCount/second 0
2014/09/25 16:29:06 msgCount/second 0
2014/09/25 16:29:07 msgCount/second 0
2014/09/25 16:29:08 msgCount/second 0
2014/09/25 16:29:09 msgCount/second 0
2014/09/25 16:29:10 msgCount/second 0
2014/09/25 16:29:11 msgCount/second 0
2014/09/25 16:29:12 server: new client
2014/09/25 16:29:12 server: new client
2014/09/25 16:29:12 msgCount/second 0
2014/09/25 16:29:13 msgCount/second 0
2014/09/25 16:29:14 msgCount/second 0
2014/09/25 16:29:15 msgCount/second 0
2014/09/25 16:29:16 msgCount/second 0
2014/09/25 16:29:17 msgCount/second 0
2014/09/25 16:29:18 msgCount/second 18
2014/09/25 16:29:19 msgCount/second 0
2014/09/25 16:29:20 msgCount/second 0
2014/09/25 16:29:21 msgCount/second 0
2014/09/25 16:29:22 msgCount/second 0
2014/09/25 16:29:23 msgCount/second 0
2014/09/25 16:29:24 msgCount/second 0
2014/09/25 16:29:25 msgCount/second 0
2014/09/25 16:29:26 msgCount/second 0
2014/09/25 16:29:27 msgCount/second 0
2014/09/25 16:29:28 msgCount/second 0
2014/09/25 16:29:29 msgCount/second 0
2014/09/25 16:29:30 msgCount/second 0
2014/09/25 16:29:31 msgCount/second 0
2014/09/25 16:29:32 msgCount/second 0
2014/09/25 16:29:33 msgCount/second 0
2014/09/25 16:29:34 msgCount/second 0
2014/09/25 16:29:35 msgCount/second 0
2014/09/25 16:29:36 msgCount/second 0
2014/09/25 16:29:37 msgCount/second 0
2014/09/25 16:29:38 msgCount/second 0
2014/09/25 16:29:39 msgCount/second 0
2014/09/25 16:29:40 msgCount/second 0
2014/09/25 16:29:41 msgCount/second 0
2014/09/25 16:29:42 msgCount/second 0
2014/09/25 16:29:43 msgCount/second 0
2014/09/25 16:29:44 msgCount/second 0
2014/09/25 16:29:45 msgCount/second 0
2014/09/25 16:29:46 msgCount/second 0
2014/09/25 16:29:47 msgCount/second 0
2014/09/25 16:29:48 msgCount/second 0
2014/09/25 16:29:49 server: new client
2014/09/25 16:29:49 server: new client
2014/09/25 16:29:49 msgCount/second 0
2014/09/25 16:29:50 msgCount/second 0
2014/09/25 16:29:51 msgCount/second 0
2014/09/25 16:29:52 msgCount/second 0
2014/09/25 16:29:53 msgCount/second 0
2014/09/25 16:29:54 msgCount/second 0
2014/09/25 16:29:55 msgCount/second 0
2014/09/25 16:29:56 msgCount/second 0
2014/09/25 16:29:57 msgCount/second 0
2014/09/25 16:29:58 msgCount/second 0
2014/09/25 16:29:59 msgCount/second 0
2014/09/25 16:30:00 msgCount/second 0
2014/09/25 16:30:01 msgCount/second 0
2014/09/25 16:30:02 msgCount/second 0
2014/09/25 16:30:03 msgCount/second 0
2014/09/25 16:30:04 msgCount/second 0
2014/09/25 16:30:05 msgCount/second 0
2014/09/25 16:30:06 msgCount/second 0
2014/09/25 16:30:07 server: new client
2014/09/25 16:30:07 server: new client
2014/09/25 16:30:07 msgCount/second 0
2014/09/25 16:30:08 msgCount/second 0
2014/09/25 16:30:09 msgCount/second 0
2014/09/25 16:30:10 msgCount/second 0
2014/09/25 16:30:11 msgCount/second 0
2014/09/25 16:30:12 msgCount/second 0
2014/09/25 16:30:13 msgCount/second 0
2014/09/25 16:30:14 msgCount/second 0
2014/09/25 16:30:15 msgCount/second 0
2014/09/25 16:30:16 msgCount/second 0
2014/09/25 16:30:17 msgCount/second 0
2014/09/25 16:30:18 msgCount/second 0
2014/09/25 16:30:19 msgCount/second 0
2014/09/25 16:30:20 msgCount/second 0
2014/09/25 16:30:21 msgCount/second 0
2014/09/25 16:30:22 msgCount/second 0
2014/09/25 16:30:23 msgCount/second 0
2014/09/25 16:30:24 msgCount/second 0
2014/09/25 16:30:25 msgCount/second 0
2014/09/25 16:30:26 msgCount/second 0
2014/09/25 16:30:27 msgCount/second 0
2014/09/25 16:30:28 msgCount/second 0
2014/09/25 16:30:29 msgCount/second 0
2014/09/25 16:30:30 msgCount/second 0
2014/09/25 16:30:31 msgCount/second 0
2014/09/25 16:30:32 msgCount/second 0
2014/09/25 16:30:33 server: new client
2014/09/25 16:30:33 server: new client
2014/09/25 16:30:33 msgCount/second 0
2014/09/25 16:30:34 msgCount/second 0
2014/09/25 16:30:35 msgCount/second 0
2014/09/25 16:30:36 msgCount/second 0
2014/09/25 16:30:37 msgCount/second 0
2014/09/25 16:30:38 msgCount/second 0
2014/09/25 16:30:39 msgCount/second 0
2014/09/25 16:30:40 msgCount/second 0
2014/09/25 16:30:41 msgCount/second 0
2014/09/25 16:30:42 msgCount/second 0
2014/09/25 16:30:43 msgCount/second 0
2014/09/25 16:30:44 msgCount/second 0
2014/09/25 16:30:45 msgCount/second 0
2014/09/25 16:30:46 msgCount/second 0
2014/09/25 16:30:47 msgCount/second 0
2014/09/25 16:30:48 msgCount/second 0
2014/09/25 16:30:49 msgCount/second 0
2014/09/25 16:30:50 msgCount/second 0
2014/09/25 16:30:51 msgCount/second 0
2014/09/25 16:30:52 msgCount/second 0
2014/09/25 16:30:53 msgCount/second 0
2014/09/25 16:30:54 msgCount/second 0
2014/09/25 16:30:55 msgCount/second 0
2014/09/25 16:30:56 msgCount/second 0
2014/09/25 16:30:56 comm: websocket receive error: EOF

2014/09/25 16:30:56 comm: websocket receive error: EOF

2014/09/25 16:30:57 msgCount/second 0
2014/09/25 16:30:58 msgCount/second 0
2014/09/25 16:30:59 msgCount/second 0
2014/09/25 16:31:00 msgCount/second 0
2014/09/25 16:31:01 msgCount/second 0
2014/09/25 16:31:02 comm: websocket receive error: EOF

2014/09/25 16:31:02 comm: websocket receive error: EOF

2014/09/25 16:31:02 msgCount/second 0
2014/09/25 16:31:03 msgCount/second 0
2014/09/25 16:31:04 msgCount/second 0
2014/09/25 16:31:05 msgCount/second 0
2014/09/25 16:31:06 msgCount/second 0
2014/09/25 16:31:07 msgCount/second 0
2014/09/25 16:31:07 server: new client
2014/09/25 16:31:07 server: new client
2014/09/25 16:31:08 msgCount/second 0
2014/09/25 16:31:09 msgCount/second 0
2014/09/25 16:31:10 msgCount/second 0
2014/09/25 16:31:11 server: new client
2014/09/25 16:31:11 server: new client
2014/09/25 16:31:11 msgCount/second 0
2014/09/25 16:31:12 msgCount/second 0
2014/09/25 16:31:13 msgCount/second 0
2014/09/25 16:31:14 msgCount/second 0
2014/09/25 16:31:15 msgCount/second 0
2014/09/25 16:31:16 msgCount/second 0
2014/09/25 16:31:17 msgCount/second 0
2014/09/25 16:31:18 msgCount/second 0
2014/09/25 16:31:19 msgCount/second 0
2014/09/25 16:31:20 msgCount/second 0
2014/09/25 16:31:21 msgCount/second 0
2014/09/25 16:31:22 server: new client
2014/09/25 16:31:22 server: new client
2014/09/25 16:31:22 msgCount/second 0
2014/09/25 16:31:23 msgCount/second 0
2014/09/25 16:31:24 msgCount/second 0
2014/09/25 16:31:25 msgCount/second 0
2014/09/25 16:31:26 msgCount/second 0
2014/09/25 16:31:27 msgCount/second 0
2014/09/25 16:31:28 msgCount/second 0
2014/09/25 16:31:29 msgCount/second 0
2014/09/25 16:31:30 msgCount/second 0
2014/09/25 16:31:31 msgCount/second 0
2014/09/25 16:31:32 msgCount/second 0
2014/09/25 16:31:33 msgCount/second 0
2014/09/25 16:31:34 msgCount/second 0
2014/09/25 16:31:35 msgCount/second 0
2014/09/25 16:31:36 msgCount/second 0
2014/09/25 16:31:37 msgCount/second 0
2014/09/25 16:31:38 msgCount/second 0
2014/09/25 16:31:39 msgCount/second 0
2014/09/25 16:31:40 msgCount/second 0
2014/09/25 16:31:41 msgCount/second 0
2014/09/25 16:31:42 msgCount/second 0
2014/09/25 16:31:43 msgCount/second 0
2014/09/25 16:31:44 msgCount/second 0
2014/09/25 16:31:45 msgCount/second 0
2014/09/25 16:31:46 msgCount/second 0
2014/09/25 16:31:47 msgCount/second 0
2014/09/25 16:31:48 msgCount/second 0
2014/09/25 16:31:49 msgCount/second 0
2014/09/25 16:31:50 msgCount/second 0
2014/09/25 16:31:51 msgCount/second 0
2014/09/25 16:31:52 comm: websocket receive error: EOF

2014/09/25 16:31:52 comm: websocket receive error: EOF

2014/09/25 16:31:52 msgCount/second 0
2014/09/25 16:31:53 msgCount/second 0
2014/09/25 16:31:54 msgCount/second 98
2014/09/25 16:31:55 msgCount/second 112
2014/09/25 16:31:56 msgCount/second 28
2014/09/25 16:31:57 msgCount/second 4
2014/09/25 16:31:58 msgCount/second 44
2014/09/25 16:31:58 server: new client
2014/09/25 16:31:58 server: new client
2014/09/25 16:31:59 msgCount/second 76
2014/09/25 16:32:00 msgCount/second 122
2014/09/25 16:32:01 msgCount/second 83
2014/09/25 16:32:02 msgCount/second 43
2014/09/25 16:32:03 msgCount/second 77
2014/09/25 16:32:04 msgCount/second 71
2014/09/25 16:32:05 msgCount/second 66
2014/09/25 16:32:06 msgCount/second 63
2014/09/25 16:32:07 msgCount/second 28
2014/09/25 16:32:08 msgCount/second 70
2014/09/25 16:32:09 msgCount/second 37
2014/09/25 16:32:10 msgCount/second 64
2014/09/25 16:32:11 msgCount/second 20
2014/09/25 16:32:12 msgCount/second 1
2014/09/25 16:32:13 msgCount/second 39
2014/09/25 16:32:14 msgCount/second 35
2014/09/25 16:32:15 msgCount/second 0
2014/09/25 16:32:16 msgCount/second 0
2014/09/25 16:32:17 msgCount/second 0
2014/09/25 16:32:18 msgCount/second 0
2014/09/25 16:32:19 msgCount/second 0
2014/09/25 16:32:19 server: new client
2014/09/25 16:32:19 server: new client
2014/09/25 16:32:20 msgCount/second 0
2014/09/25 16:32:21 msgCount/second 0
2014/09/25 16:32:22 msgCount/second 0
2014/09/25 16:32:23 msgCount/second 0
2014/09/25 16:32:24 msgCount/second 41
2014/09/25 16:32:25 msgCount/second 56
2014/09/25 16:32:26 msgCount/second 0
2014/09/25 16:32:27 msgCount/second 0
2014/09/25 16:32:28 msgCount/second 0
2014/09/25 16:32:29 msgCount/second 0
2014/09/25 16:32:30 msgCount/second 0
2014/09/25 16:32:31 msgCount/second 47
2014/09/25 16:32:32 msgCount/second 20
2014/09/25 16:32:33 msgCount/second 65
2014/09/25 16:32:34 msgCount/second 127
2014/09/25 16:32:35 msgCount/second 127
2014/09/25 16:32:36 msgCount/second 106
2014/09/25 16:32:37 msgCount/second 100
2014/09/25 16:32:38 msgCount/second 58
2014/09/25 16:32:39 msgCount/second 56
2014/09/25 16:32:40 msgCount/second 124
2014/09/25 16:32:41 msgCount/second 138
2014/09/25 16:32:42 msgCount/second 144
2014/09/25 16:32:43 msgCount/second 90
2014/09/25 16:32:44 msgCount/second 62
2014/09/25 16:32:45 msgCount/second 4
2014/09/25 16:32:46 msgCount/second 0
2014/09/25 16:32:47 msgCount/second 0
2014/09/25 16:32:48 msgCount/second 0
2014/09/25 16:32:49 msgCount/second 0
2014/09/25 16:32:50 msgCount/second 0
2014/09/25 16:32:51 msgCount/second 0
2014/09/25 16:32:52 msgCount/second 0
2014/09/25 16:32:53 msgCount/second 0
2014/09/25 16:32:54 msgCount/second 0
2014/09/25 16:32:55 msgCount/second 0
2014/09/25 16:32:56 msgCount/second 0
2014/09/25 16:32:57 msgCount/second 0
2014/09/25 16:32:58 msgCount/second 0
2014/09/25 16:32:59 msgCount/second 0
2014/09/25 16:33:00 msgCount/second 0
2014/09/25 16:33:01 msgCount/second 0
2014/09/25 16:33:02 msgCount/second 0
2014/09/25 16:33:03 msgCount/second 0
2014/09/25 16:33:04 msgCount/second 0
2014/09/25 16:33:05 msgCount/second 0
2014/09/25 16:33:06 msgCount/second 0
2014/09/25 16:33:07 msgCount/second 0
2014/09/25 16:33:08 msgCount/second 0
2014/09/25 16:33:09 msgCount/second 0
2014/09/25 16:33:10 msgCount/second 0
2014/09/25 16:33:11 msgCount/second 0
2014/09/25 16:33:12 msgCount/second 0
2014/09/25 16:33:13 msgCount/second 0
2014/09/25 16:33:14 msgCount/second 0
2014/09/25 16:33:15 msgCount/second 0
2014/09/25 16:33:16 msgCount/second 0
2014/09/25 16:33:17 msgCount/second 0
2014/09/25 16:33:18 msgCount/second 0
2014/09/25 16:33:19 msgCount/second 0
2014/09/25 16:33:20 msgCount/second 0
2014/09/25 16:33:21 msgCount/second 0
2014/09/25 16:33:22 msgCount/second 0
2014/09/25 16:33:23 msgCount/second 0
2014/09/25 16:33:24 msgCount/second 0
2014/09/25 16:33:25 msgCount/second 0
2014/09/25 16:33:26 msgCount/second 0
2014/09/25 16:33:27 server: new client
2014/09/25 16:33:27 server: new client
2014/09/25 16:33:27 msgCount/second 0
2014/09/25 16:33:28 msgCount/second 0
2014/09/25 16:33:29 msgCount/second 0
2014/09/25 16:33:30 msgCount/second 0
2014/09/25 16:33:31 msgCount/second 0
2014/09/25 16:33:32 msgCount/second 0
2014/09/25 16:33:33 msgCount/second 0
2014/09/25 16:33:34 msgCount/second 0
2014/09/25 16:33:35 msgCount/second 29
2014/09/25 16:33:36 msgCount/second 2
2014/09/25 16:33:37 msgCount/second 34
2014/09/25 16:33:38 msgCount/second 48
2014/09/25 16:33:39 msgCount/second 0
2014/09/25 16:33:40 msgCount/second 0
2014/09/25 16:33:41 msgCount/second 0
2014/09/25 16:33:42 msgCount/second 0
2014/09/25 16:33:43 msgCount/second 0
2014/09/25 16:33:44 msgCount/second 0
2014/09/25 16:33:45 msgCount/second 0
2014/09/25 16:33:46 msgCount/second 0
2014/09/25 16:33:47 msgCount/second 0
2014/09/25 16:33:48 msgCount/second 0
2014/09/25 16:33:49 msgCount/second 0
2014/09/25 16:33:50 msgCount/second 0
2014/09/25 16:33:51 msgCount/second 0
2014/09/25 16:33:52 msgCount/second 0
2014/09/25 16:33:53 msgCount/second 0
2014/09/25 16:33:54 msgCount/second 0
2014/09/25 16:33:55 msgCount/second 0
2014/09/25 16:33:56 msgCount/second 0
2014/09/25 16:33:57 msgCount/second 0
2014/09/25 16:33:58 msgCount/second 0
2014/09/25 16:33:59 msgCount/second 0
2014/09/25 16:34:00 msgCount/second 0
2014/09/25 16:34:01 msgCount/second 0
2014/09/25 16:34:02 msgCount/second 0
2014/09/25 16:34:03 msgCount/second 0
2014/09/25 16:34:04 msgCount/second 0
2014/09/25 16:34:05 msgCount/second 8
2014/09/25 16:34:06 msgCount/second 16
2014/09/25 16:34:07 msgCount/second 23
2014/09/25 16:34:08 msgCount/second 0
2014/09/25 16:34:09 msgCount/second 0
2014/09/25 16:34:10 msgCount/second 0
2014/09/25 16:34:11 msgCount/second 0
2014/09/25 16:34:12 msgCount/second 0
2014/09/25 16:34:13 msgCount/second 0
2014/09/25 16:34:14 msgCount/second 0
2014/09/25 16:34:15 msgCount/second 0
2014/09/25 16:34:16 msgCount/second 0
2014/09/25 16:34:17 msgCount/second 0
2014/09/25 16:34:18 msgCount/second 0
2014/09/25 16:34:19 msgCount/second 0
2014/09/25 16:34:20 msgCount/second 0
2014/09/25 16:34:21 msgCount/second 0
2014/09/25 16:34:22 msgCount/second 23
2014/09/25 16:34:23 msgCount/second 29
2014/09/25 16:34:24 msgCount/second 19
2014/09/25 16:34:25 msgCount/second 31
2014/09/25 16:34:26 msgCount/second 48
2014/09/25 16:34:27 msgCount/second 17
2014/09/25 16:34:28 msgCount/second 47
2014/09/25 16:34:29 msgCount/second 22
2014/09/25 16:34:30 msgCount/second 33
2014/09/25 16:34:31 msgCount/second 34
2014/09/25 16:34:32 msgCount/second 43
2014/09/25 16:34:33 msgCount/second 6
2014/09/25 16:34:34 msgCount/second 0
2014/09/25 16:34:35 msgCount/second 0
2014/09/25 16:34:36 msgCount/second 0
2014/09/25 16:34:37 msgCount/second 0
2014/09/25 16:34:38 msgCount/second 0
2014/09/25 16:34:39 msgCount/second 0
2014/09/25 16:34:40 msgCount/second 0
2014/09/25 16:34:41 msgCount/second 0
2014/09/25 16:34:42 msgCount/second 0
2014/09/25 16:34:43 msgCount/second 0
2014/09/25 16:34:44 msgCount/second 0
2014/09/25 16:34:45 msgCount/second 0
2014/09/25 16:34:46 msgCount/second 1
2014/09/25 16:34:47 msgCount/second 88
2014/09/25 16:34:48 msgCount/second 75
2014/09/25 16:34:49 msgCount/second 86
2014/09/25 16:34:50 msgCount/second 84
2014/09/25 16:34:51 msgCount/second 69
2014/09/25 16:34:52 msgCount/second 19
2014/09/25 16:34:53 msgCount/second 71
2014/09/25 16:34:54 msgCount/second 13
2014/09/25 16:34:55 msgCount/second 6
2014/09/25 16:34:56 msgCount/second 0
2014/09/25 16:34:57 msgCount/second 0
2014/09/25 16:34:58 msgCount/second 10
2014/09/25 16:34:59 msgCount/second 5
2014/09/25 16:35:00 msgCount/second 4
2014/09/25 16:35:01 msgCount/second 1
2014/09/25 16:35:02 msgCount/second 3
2014/09/25 16:35:03 msgCount/second 5
2014/09/25 16:35:04 msgCount/second 0
2014/09/25 16:35:05 msgCount/second 0
2014/09/25 16:35:06 msgCount/second 0
2014/09/25 16:35:07 msgCount/second 0
2014/09/25 16:35:08 msgCount/second 14
2014/09/25 16:35:09 msgCount/second 14
2014/09/25 16:35:10 msgCount/second 10
2014/09/25 16:35:11 msgCount/second 2
2014/09/25 16:35:12 msgCount/second 22
2014/09/25 16:35:13 msgCount/second 33
2014/09/25 16:35:14 msgCount/second 1
2014/09/25 16:35:15 msgCount/second 0
2014/09/25 16:35:16 msgCount/second 13
2014/09/25 16:35:17 msgCount/second 38
2014/09/25 16:35:18 msgCount/second 53
2014/09/25 16:35:19 msgCount/second 0
2014/09/25 16:35:20 msgCount/second 0
2014/09/25 16:35:21 msgCount/second 0
2014/09/25 16:35:22 msgCount/second 0
2014/09/25 16:35:23 msgCount/second 0
2014/09/25 16:35:24 msgCount/second 0
2014/09/25 16:35:25 msgCount/second 0
2014/09/25 16:35:26 msgCount/second 0
2014/09/25 16:35:27 msgCount/second 0
2014/09/25 16:35:28 msgCount/second 0
2014/09/25 16:35:29 msgCount/second 0
2014/09/25 16:35:30 msgCount/second 0
2014/09/25 16:35:31 msgCount/second 0
2014/09/25 16:35:32 msgCount/second 0
2014/09/25 16:35:33 msgCount/second 0
2014/09/25 16:35:34 msgCount/second 0
2014/09/25 16:35:35 msgCount/second 0
2014/09/25 16:35:36 msgCount/second 0
2014/09/25 16:35:37 msgCount/second 0
2014/09/25 16:35:38 msgCount/second 0
2014/09/25 16:35:39 msgCount/second 0
2014/09/25 16:35:40 msgCount/second 0
2014/09/25 16:35:41 msgCount/second 0
2014/09/25 16:35:42 msgCount/second 0
2014/09/25 16:35:43 msgCount/second 0
2014/09/25 16:35:44 comm: websocket receive error: EOF

2014/09/25 16:35:44 comm: websocket receive error: EOF

2014/09/25 16:35:44 msgCount/second 0
2014/09/25 16:35:45 msgCount/second 0
2014/09/25 16:35:46 msgCount/second 0
2014/09/25 16:35:47 msgCount/second 0
2014/09/25 16:35:48 msgCount/second 0
2014/09/25 16:35:49 msgCount/second 0
2014/09/25 16:35:50 msgCount/second 0
2014/09/25 16:35:51 msgCount/second 0
2014/09/25 16:35:52 msgCount/second 0
2014/09/25 16:35:53 msgCount/second 0
2014/09/25 16:35:54 msgCount/second 0
2014/09/25 16:35:55 msgCount/second 0
2014/09/25 16:35:56 msgCount/second 0
2014/09/25 16:35:57 msgCount/second 0
2014/09/25 16:35:58 server: new client
2014/09/25 16:35:58 server: new client
2014/09/25 16:35:58 msgCount/second 0
2014/09/25 16:35:59 msgCount/second 0
2014/09/25 16:36:00 msgCount/second 0
2014/09/25 16:36:01 msgCount/second 0
2014/09/25 16:36:02 msgCount/second 0
2014/09/25 16:36:03 msgCount/second 0
2014/09/25 16:36:04 msgCount/second 0
2014/09/25 16:36:05 msgCount/second 0
2014/09/25 16:36:06 msgCount/second 0
2014/09/25 16:36:07 comm: websocket receive error: EOF

2014/09/25 16:36:07 comm: websocket receive error: EOF

2014/09/25 16:36:07 msgCount/second 0
2014/09/25 16:36:08 msgCount/second 0
2014/09/25 16:36:09 msgCount/second 0
2014/09/25 16:36:10 msgCount/second 0
2014/09/25 16:36:11 msgCount/second 0
2014/09/25 16:36:12 server: new client
2014/09/25 16:36:12 server: new client
2014/09/25 16:36:12 msgCount/second 0
2014/09/25 16:36:13 msgCount/second 0
2014/09/25 16:36:14 msgCount/second 0
2014/09/25 16:36:15 msgCount/second 0
2014/09/25 16:36:16 msgCount/second 0
2014/09/25 16:36:17 msgCount/second 0
2014/09/25 16:36:18 msgCount/second 0
2014/09/25 16:36:19 msgCount/second 0
2014/09/25 16:36:20 msgCount/second 0
2014/09/25 16:36:21 msgCount/second 0
2014/09/25 16:36:22 msgCount/second 0
2014/09/25 16:36:23 msgCount/second 0
2014/09/25 16:36:24 msgCount/second 0
2014/09/25 16:36:25 msgCount/second 0
2014/09/25 16:36:26 msgCount/second 0
2014/09/25 16:36:27 msgCount/second 0
2014/09/25 16:36:28 msgCount/second 0
2014/09/25 16:36:29 msgCount/second 44
2014/09/25 16:36:30 msgCount/second 10
2014/09/25 16:36:31 msgCount/second 0
2014/09/25 16:36:32 msgCount/second 21
2014/09/25 16:36:33 msgCount/second 36
2014/09/25 16:36:34 msgCount/second 93
2014/09/25 16:36:35 msgCount/second 61
2014/09/25 16:36:36 msgCount/second 0
2014/09/25 16:36:37 msgCount/second 0
2014/09/25 16:36:38 msgCount/second 11
2014/09/25 16:36:39 msgCount/second 0
2014/09/25 16:36:40 msgCount/second 2
2014/09/25 16:36:41 msgCount/second 4
2014/09/25 16:36:42 msgCount/second 18
2014/09/25 16:36:43 msgCount/second 4
2014/09/25 16:36:44 msgCount/second 64
2014/09/25 16:36:45 msgCount/second 0
2014/09/25 16:36:46 msgCount/second 0
2014/09/25 16:36:47 msgCount/second 0
2014/09/25 16:36:48 msgCount/second 0
2014/09/25 16:36:49 msgCount/second 0
2014/09/25 16:36:50 msgCount/second 0
2014/09/25 16:36:51 msgCount/second 0
2014/09/25 16:36:52 msgCount/second 0
2014/09/25 16:36:53 msgCount/second 0
2014/09/25 16:36:54 msgCount/second 0
2014/09/25 16:36:55 msgCount/second 0
2014/09/25 16:36:56 msgCount/second 0
2014/09/25 16:36:57 msgCount/second 0
2014/09/25 16:36:58 msgCount/second 0
2014/09/25 16:36:59 msgCount/second 0
2014/09/25 16:37:00 msgCount/second 0
2014/09/25 16:37:01 msgCount/second 0
2014/09/25 16:37:02 comm: websocket receive error: EOF

2014/09/25 16:37:02 comm: websocket receive error: EOF

2014/09/25 16:37:02 msgCount/second 0
2014/09/25 16:37:03 msgCount/second 0
2014/09/25 16:37:04 msgCount/second 0
2014/09/25 16:37:05 msgCount/second 0
2014/09/25 16:37:06 msgCount/second 0
2014/09/25 16:37:07 msgCount/second 0
2014/09/25 16:37:08 msgCount/second 0
2014/09/25 16:37:09 msgCount/second 0
2014/09/25 16:37:10 msgCount/second 0
2014/09/25 16:37:11 msgCount/second 0
2014/09/25 16:37:12 msgCount/second 0
2014/09/25 16:37:13 msgCount/second 0
2014/09/25 16:37:14 msgCount/second 0
2014/09/25 16:37:15 msgCount/second 0
2014/09/25 16:37:16 msgCount/second 0
2014/09/25 16:37:17 msgCount/second 0
2014/09/25 16:37:18 msgCount/second 0
2014/09/25 16:37:19 msgCount/second 0
2014/09/25 16:37:20 msgCount/second 0
2014/09/25 16:37:21 msgCount/second 0
2014/09/25 16:37:22 msgCount/second 0
2014/09/25 16:37:23 msgCount/second 0
2014/09/25 16:37:24 msgCount/second 0
2014/09/25 16:37:25 msgCount/second 0
2014/09/25 16:37:26 msgCount/second 0
2014/09/25 16:37:27 msgCount/second 0
2014/09/25 16:37:28 msgCount/second 0
2014/09/25 16:37:29 msgCount/second 0
2014/09/25 16:37:30 msgCount/second 0
2014/09/25 16:37:31 msgCount/second 0
2014/09/25 16:37:32 msgCount/second 0
2014/09/25 16:37:33 msgCount/second 0
2014/09/25 16:37:34 msgCount/second 0
2014/09/25 16:37:35 msgCount/second 0
2014/09/25 16:37:36 msgCount/second 0
2014/09/25 16:37:37 msgCount/second 0
2014/09/25 16:37:38 msgCount/second 0
2014/09/25 16:37:39 msgCount/second 0
2014/09/25 16:37:40 msgCount/second 0
2014/09/25 16:37:41 msgCount/second 0
2014/09/25 16:37:42 msgCount/second 0
2014/09/25 16:37:43 msgCount/second 0
2014/09/25 16:37:44 msgCount/second 0
2014/09/25 16:37:45 msgCount/second 0
2014/09/25 16:37:46 msgCount/second 0
2014/09/25 16:37:47 msgCount/second 0
2014/09/25 16:37:48 msgCount/second 0
2014/09/25 16:37:49 msgCount/second 0
2014/09/25 16:37:50 msgCount/second 0
2014/09/25 16:37:51 msgCount/second 0
2014/09/25 16:37:52 msgCount/second 0
2014/09/25 16:37:53 msgCount/second 0
2014/09/25 16:37:54 msgCount/second 0
2014/09/25 16:37:55 msgCount/second 0
2014/09/25 16:37:56 msgCount/second 0
2014/09/25 16:37:57 msgCount/second 0
2014/09/25 16:37:58 msgCount/second 0
2014/09/25 16:37:59 msgCount/second 0
2014/09/25 16:38:00 msgCount/second 0
2014/09/25 16:38:01 msgCount/second 0
2014/09/25 16:38:02 msgCount/second 0
2014/09/25 16:38:03 msgCount/second 0
2014/09/25 16:38:04 msgCount/second 0
2014/09/25 16:38:05 msgCount/second 0
2014/09/25 16:38:06 msgCount/second 0
2014/09/25 16:38:07 msgCount/second 0
2014/09/25 16:38:08 msgCount/second 0
2014/09/25 16:38:09 msgCount/second 0
2014/09/25 16:38:10 msgCount/second 0
2014/09/25 16:38:11 msgCount/second 0
2014/09/25 16:38:12 msgCount/second 0
2014/09/25 16:38:13 msgCount/second 0
2014/09/25 16:38:14 msgCount/second 0
2014/09/25 16:38:15 msgCount/second 0
2014/09/25 16:38:16 msgCount/second 0
2014/09/25 16:38:17 msgCount/second 0
2014/09/25 16:38:18 msgCount/second 0
2014/09/25 16:38:19 msgCount/second 0
2014/09/25 16:38:20 msgCount/second 0
2014/09/25 16:38:21 msgCount/second 0
2014/09/25 16:38:22 msgCount/second 0
2014/09/25 16:38:23 msgCount/second 0
2014/09/25 16:38:24 msgCount/second 0
2014/09/25 16:38:25 msgCount/second 0
2014/09/25 16:38:26 msgCount/second 0
2014/09/25 16:38:27 msgCount/second 0
2014/09/25 16:38:28 msgCount/second 0
2014/09/25 16:38:29 msgCount/second 0
2014/09/25 16:38:30 msgCount/second 0
2014/09/25 16:38:31 msgCount/second 0
2014/09/25 16:38:32 msgCount/second 0
2014/09/25 16:38:33 msgCount/second 0
2014/09/25 16:38:34 msgCount/second 0
2014/09/25 16:38:35 msgCount/second 0
2014/09/25 16:38:36 msgCount/second 0
2014/09/25 16:38:37 msgCount/second 0
2014/09/25 16:38:38 msgCount/second 0
2014/09/25 16:38:39 msgCount/second 0
2014/09/25 16:38:40 msgCount/second 0
2014/09/25 16:38:41 msgCount/second 0
2014/09/25 16:38:42 msgCount/second 0
2014/09/25 16:38:43 msgCount/second 0
2014/09/25 16:38:44 msgCount/second 0
2014/09/25 16:38:45 msgCount/second 0
2014/09/25 16:38:46 msgCount/second 0
2014/09/25 16:38:47 msgCount/second 0
2014/09/25 16:38:48 msgCount/second 0
2014/09/25 16:38:49 msgCount/second 0
2014/09/25 16:38:50 msgCount/second 0
2014/09/25 16:38:51 msgCount/second 0
2014/09/25 16:38:52 msgCount/second 0
2014/09/25 16:38:53 msgCount/second 0
2014/09/25 16:38:54 msgCount/second 0
2014/09/25 16:38:55 msgCount/second 0
2014/09/25 16:38:56 msgCount/second 0
2014/09/25 16:38:57 msgCount/second 0
2014/09/25 16:38:58 msgCount/second 0
2014/09/25 16:38:59 msgCount/second 0
2014/09/25 16:39:00 msgCount/second 0
2014/09/25 16:39:01 msgCount/second 0
2014/09/25 16:39:02 msgCount/second 0
2014/09/25 16:39:03 msgCount/second 0
2014/09/25 16:39:04 msgCount/second 0
2014/09/25 16:39:05 msgCount/second 0
2014/09/25 16:39:06 msgCount/second 0
2014/09/25 16:39:07 msgCount/second 0
2014/09/25 16:39:08 msgCount/second 0
2014/09/25 16:39:09 msgCount/second 0
2014/09/25 16:39:10 msgCount/second 0
2014/09/25 16:39:11 msgCount/second 0
2014/09/25 16:39:12 msgCount/second 0
2014/09/25 16:39:13 msgCount/second 0
2014/09/25 16:39:14 msgCount/second 0
2014/09/25 16:39:15 msgCount/second 0
2014/09/25 16:39:16 msgCount/second 0
2014/09/25 16:39:17 msgCount/second 0
2014/09/25 16:39:18 msgCount/second 0
2014/09/25 16:39:19 msgCount/second 0
2014/09/25 16:39:20 msgCount/second 0
2014/09/25 16:39:21 msgCount/second 0
2014/09/25 16:39:22 msgCount/second 0
2014/09/25 16:39:23 msgCount/second 0
2014/09/25 16:39:24 msgCount/second 0
2014/09/25 16:39:25 msgCount/second 0
2014/09/25 16:39:26 msgCount/second 0
2014/09/25 16:39:27 msgCount/second 0
2014/09/25 16:39:28 msgCount/second 0
2014/09/25 16:39:29 msgCount/second 0
2014/09/25 16:39:30 msgCount/second 0
2014/09/25 16:39:31 msgCount/second 0
2014/09/25 16:39:32 msgCount/second 0
2014/09/25 16:39:33 msgCount/second 0
2014/09/25 16:39:34 msgCount/second 0
2014/09/25 16:39:35 msgCount/second 0
2014/09/25 16:39:36 msgCount/second 0
2014/09/25 16:39:37 msgCount/second 0
2014/09/25 16:39:38 msgCount/second 0
2014/09/25 16:39:39 msgCount/second 0
2014/09/25 16:39:40 msgCount/second 0
2014/09/25 16:39:41 msgCount/second 0
2014/09/25 16:39:42 msgCount/second 0
2014/09/25 16:39:43 msgCount/second 0
2014/09/25 16:39:44 msgCount/second 0
2014/09/25 16:39:45 msgCount/second 0
2014/09/25 16:39:46 msgCount/second 0
2014/09/25 16:39:47 msgCount/second 0
2014/09/25 16:39:48 msgCount/second 0
2014/09/25 16:39:49 msgCount/second 0
2014/09/25 16:39:50 msgCount/second 0
2014/09/25 16:39:51 msgCount/second 0
2014/09/25 16:39:52 msgCount/second 0
2014/09/25 16:39:53 msgCount/second 0
2014/09/25 16:39:54 msgCount/second 0
2014/09/25 16:39:55 msgCount/second 0
2014/09/25 16:39:56 msgCount/second 0
2014/09/25 16:39:57 msgCount/second 0
2014/09/25 16:39:58 msgCount/second 0
2014/09/25 16:39:59 msgCount/second 0
2014/09/25 16:40:00 msgCount/second 0
2014/09/25 16:40:01 msgCount/second 0
2014/09/25 16:40:02 msgCount/second 0
2014/09/25 16:40:03 msgCount/second 0
2014/09/25 16:40:04 msgCount/second 0
2014/09/25 16:40:05 msgCount/second 0
2014/09/25 16:40:06 msgCount/second 0
2014/09/25 16:40:07 msgCount/second 0
2014/09/25 16:40:08 msgCount/second 0
2014/09/25 16:40:09 msgCount/second 0
2014/09/25 16:40:10 msgCount/second 0
2014/09/25 16:40:11 msgCount/second 0
2014/09/25 16:40:12 msgCount/second 0
2014/09/25 16:40:13 msgCount/second 0
2014/09/25 16:40:14 msgCount/second 0
2014/09/25 16:40:15 msgCount/second 0
2014/09/25 16:40:16 msgCount/second 0
2014/09/25 16:40:17 msgCount/second 0
2014/09/25 16:40:18 msgCount/second 0
2014/09/25 16:40:19 msgCount/second 0
2014/09/25 16:40:20 msgCount/second 0
2014/09/25 16:40:21 msgCount/second 0
2014/09/25 16:40:22 msgCount/second 0
2014/09/25 16:40:23 msgCount/second 0
2014/09/25 16:40:24 msgCount/second 0
2014/09/25 16:40:25 msgCount/second 0
2014/09/25 16:40:26 msgCount/second 0
2014/09/25 16:40:27 msgCount/second 0
2014/09/25 16:40:28 msgCount/second 0
2014/09/25 16:40:29 msgCount/second 0
2014/09/25 16:40:30 msgCount/second 0
2014/09/25 16:40:31 msgCount/second 0
2014/09/25 16:40:32 msgCount/second 0
2014/09/25 16:40:33 msgCount/second 0
2014/09/25 16:40:34 msgCount/second 0
2014/09/25 16:40:35 msgCount/second 0
2014/09/25 16:40:36 msgCount/second 0
2014/09/25 16:40:37 msgCount/second 0
2014/09/25 16:40:38 msgCount/second 0
2014/09/25 16:40:39 msgCount/second 0
2014/09/25 16:40:40 msgCount/second 0
2014/09/25 16:40:41 msgCount/second 0
2014/09/25 16:40:42 msgCount/second 0
2014/09/25 16:40:43 msgCount/second 0
2014/09/25 16:40:44 msgCount/second 0
2014/09/25 16:40:45 msgCount/second 0
2014/09/25 16:40:46 msgCount/second 0
2014/09/25 16:40:47 msgCount/second 0
2014/09/25 16:40:48 msgCount/second 0
2014/09/25 16:40:49 msgCount/second 0
2014/09/25 16:40:50 msgCount/second 0
2014/09/25 16:40:51 msgCount/second 0
2014/09/25 16:40:52 msgCount/second 0
2014/09/25 16:40:53 msgCount/second 0
2014/09/25 16:40:54 msgCount/second 0
2014/09/25 16:40:55 msgCount/second 0
2014/09/25 16:40:56 msgCount/second 0
2014/09/25 16:40:57 msgCount/second 0
2014/09/25 16:40:58 msgCount/second 0
2014/09/25 16:40:59 msgCount/second 0
2014/09/25 16:41:00 msgCount/second 0
2014/09/25 16:41:01 msgCount/second 0
2014/09/25 16:41:02 msgCount/second 0
2014/09/25 16:41:03 msgCount/second 0
2014/09/25 16:41:04 msgCount/second 0
2014/09/25 16:41:05 msgCount/second 0
2014/09/25 16:41:06 msgCount/second 0
2014/09/25 16:41:07 msgCount/second 0
2014/09/25 16:41:08 msgCount/second 0
2014/09/25 16:41:09 msgCount/second 0
2014/09/25 16:41:10 msgCount/second 0
2014/09/25 16:41:11 msgCount/second 0
2014/09/25 16:41:12 msgCount/second 0
2014/09/25 16:41:13 msgCount/second 0
2014/09/25 16:41:14 msgCount/second 0
2014/09/25 16:41:15 msgCount/second 0
2014/09/25 16:41:16 msgCount/second 0
2014/09/25 16:41:17 msgCount/second 0
2014/09/25 16:41:18 msgCount/second 0
2014/09/25 16:41:19 msgCount/second 0
2014/09/25 16:41:20 msgCount/second 0
2014/09/25 16:41:21 msgCount/second 0
2014/09/25 16:41:22 msgCount/second 0
2014/09/25 16:41:23 msgCount/second 0
2014/09/25 16:41:24 msgCount/second 0
2014/09/25 16:41:25 msgCount/second 0
2014/09/25 16:41:26 msgCount/second 0
2014/09/25 16:41:27 msgCount/second 0
2014/09/25 16:41:28 msgCount/second 0
2014/09/25 16:41:29 msgCount/second 0
2014/09/25 16:41:30 msgCount/second 0
2014/09/25 16:41:31 msgCount/second 0
2014/09/25 16:41:32 msgCount/second 0
2014/09/25 16:41:33 msgCount/second 0
2014/09/25 16:41:34 msgCount/second 0
2014/09/25 16:41:35 msgCount/second 0
2014/09/25 16:41:36 msgCount/second 0
2014/09/25 16:41:37 msgCount/second 0
2014/09/25 16:41:38 msgCount/second 0
2014/09/25 16:41:39 msgCount/second 0
2014/09/25 16:41:40 msgCount/second 0
2014/09/25 16:41:41 msgCount/second 0
2014/09/25 16:41:42 msgCount/second 0
2014/09/25 16:41:43 msgCount/second 0
2014/09/25 16:41:44 msgCount/second 0
2014/09/25 16:41:45 msgCount/second 0
2014/09/25 16:41:46 msgCount/second 0
2014/09/25 16:41:47 msgCount/second 0
2014/09/25 16:41:48 msgCount/second 0
2014/09/25 16:41:49 msgCount/second 0
2014/09/25 16:41:50 msgCount/second 0
2014/09/25 16:41:51 msgCount/second 0
2014/09/25 16:41:52 msgCount/second 0
2014/09/25 16:41:53 msgCount/second 0
2014/09/25 16:41:54 msgCount/second 0
2014/09/25 16:41:55 msgCount/second 0
2014/09/25 16:41:56 msgCount/second 0
2014/09/25 16:41:57 msgCount/second 0
2014/09/25 16:41:58 msgCount/second 0
2014/09/25 16:41:59 msgCount/second 0
2014/09/25 16:42:00 msgCount/second 0
2014/09/25 16:42:01 msgCount/second 0
2014/09/25 16:42:02 msgCount/second 26
2014/09/25 16:42:03 msgCount/second 29
2014/09/25 16:42:04 msgCount/second 0
2014/09/25 16:42:05 msgCount/second 0
2014/09/25 16:42:06 msgCount/second 0
2014/09/25 16:42:07 msgCount/second 0
2014/09/25 16:42:08 msgCount/second 0
2014/09/25 16:42:09 msgCount/second 0
2014/09/25 16:42:10 msgCount/second 0
2014/09/25 16:42:11 msgCount/second 0
2014/09/25 16:42:12 msgCount/second 0
2014/09/25 16:42:13 msgCount/second 0
2014/09/25 16:42:14 msgCount/second 0
2014/09/25 16:42:15 msgCount/second 0
2014/09/25 16:42:16 msgCount/second 0
2014/09/25 16:42:17 msgCount/second 0
2014/09/25 16:42:18 msgCount/second 0
2014/09/25 16:42:19 msgCount/second 0
2014/09/25 16:42:20 msgCount/second 0
2014/09/25 16:42:21 msgCount/second 0
2014/09/25 16:42:22 msgCount/second 0
2014/09/25 16:42:23 msgCount/second 0
2014/09/25 16:42:24 msgCount/second 0
2014/09/25 16:42:25 msgCount/second 0
2014/09/25 16:42:26 msgCount/second 0
2014/09/25 16:42:27 msgCount/second 0
2014/09/25 16:42:28 msgCount/second 0
2014/09/25 16:42:29 comm: websocket receive error: EOF

2014/09/25 16:42:29 comm: websocket receive error: EOF

2014/09/25 16:42:29 msgCount/second 0
2014/09/25 16:42:30 server: new client
2014/09/25 16:42:30 server: new client
2014/09/25 16:42:30 msgCount/second 0
2014/09/25 16:42:31 msgCount/second 0
2014/09/25 16:42:32 msgCount/second 0
2014/09/25 16:42:33 msgCount/second 0
2014/09/25 16:42:34 msgCount/second 0
2014/09/25 16:42:35 msgCount/second 0
2014/09/25 16:42:36 msgCount/second 0
2014/09/25 16:42:37 msgCount/second 0
2014/09/25 16:42:38 msgCount/second 0
2014/09/25 16:42:39 msgCount/second 0
2014/09/25 16:42:40 msgCount/second 0
2014/09/25 16:42:41 msgCount/second 0
2014/09/25 16:42:42 msgCount/second 0
2014/09/25 16:42:43 msgCount/second 0
2014/09/25 16:42:44 msgCount/second 0
2014/09/25 16:42:45 msgCount/second 0
2014/09/25 16:42:46 msgCount/second 0
2014/09/25 16:42:47 msgCount/second 0
2014/09/25 16:42:48 msgCount/second 0
2014/09/25 16:42:49 msgCount/second 0
2014/09/25 16:42:50 msgCount/second 0
2014/09/25 16:42:51 msgCount/second 0
2014/09/25 16:42:52 msgCount/second 0
2014/09/25 16:42:53 msgCount/second 0
2014/09/25 16:42:54 msgCount/second 0
2014/09/25 16:42:55 msgCount/second 0
2014/09/25 16:42:56 msgCount/second 0
2014/09/25 16:42:57 msgCount/second 0
2014/09/25 16:42:58 msgCount/second 0
2014/09/25 16:42:59 msgCount/second 0
2014/09/25 16:43:00 msgCount/second 0
2014/09/25 16:43:01 msgCount/second 0
2014/09/25 16:43:02 msgCount/second 0
2014/09/25 16:43:03 msgCount/second 0
2014/09/25 16:43:04 msgCount/second 0
2014/09/25 16:43:05 msgCount/second 0
2014/09/25 16:43:06 msgCount/second 0
2014/09/25 16:43:07 msgCount/second 0
2014/09/25 16:43:08 msgCount/second 0
2014/09/25 16:43:09 msgCount/second 0
2014/09/25 16:43:10 msgCount/second 0
2014/09/25 16:43:11 msgCount/second 0
2014/09/25 16:43:12 msgCount/second 0
2014/09/25 16:43:13 msgCount/second 0
2014/09/25 16:43:14 msgCount/second 0
2014/09/25 16:43:15 msgCount/second 0
2014/09/25 16:43:16 msgCount/second 0
2014/09/25 16:43:17 msgCount/second 0
2014/09/25 16:43:18 msgCount/second 0
2014/09/25 16:43:19 msgCount/second 0
2014/09/25 16:43:20 msgCount/second 0
2014/09/25 16:43:21 msgCount/second 0
2014/09/25 16:43:22 msgCount/second 0
2014/09/25 16:43:23 msgCount/second 0
2014/09/25 16:43:24 msgCount/second 0
2014/09/25 16:43:25 msgCount/second 0
2014/09/25 16:43:26 msgCount/second 0
2014/09/25 16:43:27 msgCount/second 0
